<?xml version="1.0" encoding="UTF-8"?>
<testng-results skipped="0" failed="0" ignored="0" total="1" passed="1">
  <reporter-output>
  </reporter-output>
  <suite name="Default suite" duration-ms="10196" started-at="2019-04-12T23:56:44Z" finished-at="2019-04-12T23:56:54Z">
    <groups>
    </groups>
    <test name="Default test" duration-ms="10196" started-at="2019-04-12T23:56:44Z" finished-at="2019-04-12T23:56:54Z">
      <class name="com.vdf.tests.LoginTest">
        <test-method status="PASS" signature="beforeMethod()[pri:0, instance:com.vdf.tests.LoginTest@4f933fd1]" name="beforeMethod" is-config="true" duration-ms="6192" started-at="2019-04-12T23:56:44Z" finished-at="2019-04-12T23:56:50Z">
          <reporter-output>
          </reporter-output>
        </test-method> <!-- beforeMethod -->
        <test-method status="PASS" signature="test()[pri:0, instance:com.vdf.tests.LoginTest@4f933fd1]" name="test" duration-ms="3334" started-at="2019-04-12T23:56:50Z" finished-at="2019-04-12T23:56:54Z">
          <reporter-output>
          </reporter-output>
        </test-method> <!-- test -->
        <test-method status="PASS" signature="afterMethod()[pri:0, instance:com.vdf.tests.LoginTest@4f933fd1]" name="afterMethod" is-config="true" duration-ms="647" started-at="2019-04-12T23:56:54Z" finished-at="2019-04-12T23:56:54Z">
          <reporter-output>
          </reporter-output>
        </test-method> <!-- afterMethod -->
      </class> <!-- com.vdf.tests.LoginTest -->
    </test> <!-- Default test -->
  </suite> <!-- Default suite -->
</testng-results>
